[Opcje]
Po³¹czenie=1
Inkrementacja=1
Logiczne=1
Arytmetyczne=1
Stos=1
RejestrX=1
RejestrY=1
Przerwania=1
Wejœcie=1
Znaczniki=1
Adres=9
Kod=6
[Rozkazy]
Liczba=16
Nazwa1=stp
Nazwa2=dod
Nazwa3=ode
Nazwa4=pob
Nazwa5=³ad
Nazwa6=sob
Nazwa7=som
Nazwa8=soz
Nazwa9=mno
Nazwa10=wpr
Nazwa11=wyp
Nazwa12=dzi
Nazwa13=pwr
Nazwa14=dns
Nazwa15=pzs
Nazwa16=sdp
[stp]
Linie=5
Linia1=// zakoñczenie programu
Linia2=ROZKAZ STP;
Linia3=Argumenty 0;
Linia4=czyt wys wei il;
Linia5=stop;
[dod]
Linie=5
Linia1=// (Ak)+((Ad))->Ak
Linia2=ROZKAZ DOD;
Linia3=czyt wys wei il;
Linia4=wyad wea;
Linia5=czyt wys weja dod weak wyl wea;
[ode]
Linie=5
Linia1=// (Ak)-((Ad))->Ak
Linia2=ROZKAZ ODE;
Linia3=czyt wys wei il;
Linia4=wyad wea;
Linia5=czyt wys weja ode weak wyl wea;
[pob]
Linie=5
Linia1=// ((Ad))->Ak
Linia2=ROZKAZ POB;
Linia3=czyt wys wei il;
Linia4=wyad wea;
Linia5=czyt wys weja przep weak wyl wea;
[³ad]
Linie=5
Linia1=// (Ak)->(Ad)
Linia2=ROZKAZ £AD;
Linia3=czyt wys wei il;
Linia4=wyad wea wyak wes;
Linia5=pisz wyl wea;
[sob]
Linie=5
Linia1=// skok bezwarunkowy
Linia2=ROZKAZ SOB;
Linia3=Argumenty 1;
Linia4=czyt wys wei il;
Linia5=wyad wea wel;
[som]
Linie=6
Linia1=// skok gdy (AK) < 0
Linia2=ROZKAZ SOM;
Linia3=czyt wys wei il;
Linia4=JE¯ELI Z TO @ujemne GDY NIE @dodatnie;
Linia5=@ujemne wyad wea wel KONIEC;
Linia6=@dodatnie wyl wea;
[soz]
Linie=6
Linia1=// skok gdy (AK) = 0
Linia2=ROZKAZ SOZ;
Linia3=czyt wys wei il;
Linia4=JE¯ELI zak TO @zero GDY NIE @niezero;
Linia5=@zero wyad wea wel KONIEC;
Linia6=@niezero wyl wea;
[mno]
Linie=5
Linia1=ROZKAZ MNO;
Linia2=czyt wys wei il;
Linia3=wyad wea;
Linia4=czyt wys weja mno weak wyl wea;
Linia5=
[wpr]
Linie=8
Linia1=// wczytaj znak z urz¹dzenia zewnêtrznego
Linia2=ROZKAZ WPR;
Linia3=czyt wys wei il;
Linia4=wyak weja ode weak start;
Linia5=@czekaj wyrb weja ode weak JE¯ELI Z TO @gotowe GDY NIE @czekaj;
Linia6=@gotowe wyrb weja przep weak wyl wea;
Linia7=
Linia8=
[wyp]
Linie=9
Linia1=// wyprowadŸ znak na urz¹dzenie zewnêtrzne
Linia2=ROZKAZ WYP;
Linia3=czyt wys wei il;
Linia4=wyak weja werb start;
Linia5=wyak wes weja ode weak;
Linia6=@czeka wyg weja ode weak je¿eli z to @gotowe gdy nie @czeka;
Linia7=@gotowe wys weja przep weak wyl wea;
Linia8=
Linia9=
[dzi]
Linie=6
Linia1=                ROZKAZ DZI;
Linia2=czyt wys wei il;
Linia3=wyad wea;
Linia4=czyt wys weja dziel weak wyl wea;
Linia5=
Linia6=
[pwr]
Linie=6
Linia1=ROZKAZ PWR;
Linia2=ARGUMENTY 0;
Linia3=czyt wys wei il;
Linia4=wyws wea iws;
Linia5=czyt wys sa wel wea;
Linia6=
[dns]
Linie=6
Linia1=ROZKAZ DNS;
Linia2=ARGUMENTY 0;
Linia3=czyt wys wei il;
Linia4=dws;
Linia5=wyws wea wyak wes;
Linia6=pisz wyl wea;
[pzs]
Linie=6
Linia1=ROZKAZ PZS;
Linia2=ARGUMENTY 0;
Linia3=czyt wys wei il;
Linia4=wyws wea iws;
Linia5=czyt wys weja przep weak wyl wea;
Linia6=
[sdp]
Linie=6
Linia1=ROZKAZ SDP;
Linia2=czyt wys wei il;
Linia3=dws;
Linia4=wyls wes wyws wea;
Linia5=pisz wyad wea wel;
Linia6=
