[Opcje]
Poczenie=1
Inkrementacja=0
Logiczne=0
Arytmetyczne=1
Stos=1
RejestrX=0
RejestrY=0
Przerwania=0
Wejcie=1
Znaczniki=0
Adres=6
Kod=4
[Rozkazy]
Liczba=16
Nazwa1=stp
Nazwa2=add
Nazwa3=sub
Nazwa4=load
Nazwa5=stor
Nazwa6=jmp
Nazwa7=blz
Nazwa8=bez
Nazwa9=psh
Nazwa10=ret
Nazwa11=pop
Nazwa12=jtp
Nazwa13=div
Nazwa14=mul
Nazwa15=iord
Nazwa16=iowr
[stp]
Linie=5
Linia1=// program end
Linia2=INSTRUCTION STP;
Linia3=Arguments 0;
Linia4=rd od iins icit;
Linia5=stop;
[add]
Linie=5
Linia1=// (Ak)+((Ad))->Ak
Linia2=INSTRUCTION ADD;
Linia3=rd od iins icit;
Linia4=oa ia;
Linia5=rd od ialu add iacc oit ia;
[sub]
Linie=5
Linia1=// (Ak)-((Ad))->Ak
Linia2=INSTRUCTION SUB;
Linia3=rd od iins icit;
Linia4=oa ia;
Linia5=rd od ialu sub iacc oit ia;
[load]
Linie=5
Linia1=// ((Ad))->Ak
Linia2=INSTRUCTION LOAD;
Linia3=rd od iins icit;
Linia4=oa ia;
Linia5=rd od ialu wracc iacc oit ia;
[stor]
Linie=5
Linia1=// (Ak)->(Ad)
Linia2=INSTRUCTION STOR;
Linia3=rd od iins icit;
Linia4=oa ia oacc id;
Linia5=wr oit ia;
[jmp]
Linie=5
Linia1=// unconditional branch
Linia2=INSTRUCTION JMP;
Linia3=Arguments 1;
Linia4=rd od iins icit;
Linia5=oa ia iit;
[blz]
Linie=6
Linia1=// branch if (ACC) < 0
Linia2=INSTRUCTION BLZ;
Linia3=rd od iins icit;
Linia4=IF Z THEN @neg IF ELSE @pos;
Linia5=@neg oa ia iit END;
Linia6=@pos oit ia;
[bez]
Linie=6
Linia1=// branch if (ACC) = 0
Linia2=INSTRUCTION BEZ;
Linia3=rd od iins icit;
Linia4=IF zak THEN @zero IF ELSE @notzero;
Linia5=@zero oa ia iit END;
Linia6=@notzero oit ia;
[psh]
Linie=6
Linia1=instruction psh;
Linia2=arguments 0;
Linia3=rd od iins icit;
Linia4=dcsp;
Linia5=osp ia oacc id;
Linia6=wr oit ia;
[ret]
Linie=5
Linia1=instruction ret;
Linia2=arguments 0;
Linia3=rd od iins icit;
Linia4=osp ia icsp;
Linia5=rd od stor ia iit;
[pop]
Linie=5
Linia1=instruction pop;
Linia2=arguments 0;
Linia3=rd od iins icit;
Linia4=osp ia icsp;
Linia5=rd od ialu wracc iacc oit ia;
[jtp]
Linie=6
Linia1=instruction jtp;
Linia2=arguments 1;
Linia3=rd od iins icit;
Linia4=dcsp;
Linia5=osp ia oitd id;
Linia6=wr oa iit ia;
[div]
Linie=4
Linia1=INSTRUCTION DIV;
Linia2=rd od iins icit;
Linia3=oa ia;
Linia4=rd od ialu div iacc oit ia;
[mul]
Linie=5
Linia1=INSTRUCTION MUL;
Linia2=rd od iins icit;
Linia3=oa ia;
Linia4=rd od ialu mul iacc oit ia;
Linia5=
[iord]
Linie=8
Linia1=// read from IO device 
Linia2=INSTRUCTION IORD;
Linia3=rd od iins icit;
Linia4=oacc ialu sub iacc start;
Linia5=@wait ord ialu sub iacc IF Z then @continue IF ELSE @wait;
Linia6=@continue obuf ialu wracc iacc oit ia;
Linia7=
Linia8=
[iowr]
Linie=8
Linia1=// wirte IO device
Linia2=INSTRUCTION IOWR;
Linia3=rd od iins icit;
Linia4=oacc ialu ibuf start;
Linia5=oacc id ialu sub iacc;
Linia6=@wait ord ialu sub iacc IF Z then @continue IF ELSE @wait;
Linia7=@continue od ialu wracc iacc oit ia;
Linia8=
