[Opcje]
Połączenie=0
Inkrementacja=0
Logiczne=0
Arytmetyczne=0
Stos=0
RejestrX=0
RejestrY=0
Przerwania=0
Wejście=0
Znaczniki=0
Adres=5
Kod=3
[Rozkazy]
Liczba=8
Nazwa1=stp
Nazwa2=dod
Nazwa3=ode
Nazwa4=pob
Nazwa5=ład
Nazwa6=sob
Nazwa7=som
Nazwa8=soz
[stp]
Linie=5
Linia1=// zakończenie programu
Linia2=ROZKAZ STP;
Linia3=Argumenty 0;
Linia4=czyt wys wei il;
Linia5=stop;
[dod]
Linie=10
Linia1=ROZKAZ DOD;
Linia2=czyt wys wei il;
Linia3=wyad wea eni
Linia4=JEŻELI INT TO @przerw GDY NIE @norm;
Linia5=@norm czyt wys weja dod weak wyl wea KONIEC;
Linia6=@przerw czyt wys weja dod weak dws;
Linia7=wyls wes wyws wea;
Linia8=pisz wyap wel wea rint;
Linia9=
Linia10=
[ode]
Linie=10
Linia1=ROZKAZ ODE;
Linia2=czyt wys wei il;
Linia3=wyad wea eni
Linia4=JEŻELI INT TO @przerw GDY NIE @norm;
Linia5=@norm czyt wys weja ode weak wyl wea KONIEC;
Linia6=@przerw czyt wys weja ode weak dws;
Linia7=wyls wes wyws wea;
Linia8=pisz wyap wel wea rint;
Linia9=
Linia10=
[pob]
Linie=10
Linia1=ROZKAZ POB;
Linia2=czyt wys wei il;
Linia3=wyad wea eni
Linia4=JEŻELI INT TO @przerw GDY NIE @norm;
Linia5=@norm czyt wys weja przep weak wyl wea KONIEC;
Linia6=@przerw czyt wys weja przep weak dws;
Linia7=wyls wes wyws wea;
Linia8=pisz wyap wel wea rint;
Linia9=
Linia10=
[ład]
Linie=10
Linia1=// (Ak)->(Ad)
Linia2=ROZKAZ ŁAD;
Linia3=czyt wys wei il;
Linia4=wyad wea wyak wes eni
Linia5=JEŻELI INT TO @przerw GDY NIE @norm;
Linia6=@norm pisz wyl wea KONIEC;
Linia7=@przerw pisz dws;
Linia8=wyls wes wyws wea;
Linia9=pisz wyap wea wel rint;
Linia10=
[sob]
Linie=5
Linia1=// skok bezwarunkowy
Linia2=ROZKAZ SOB;
Linia3=Argumenty 1;
Linia4=czyt wys wei il;
Linia5=wyad wea wel;
[som]
Linie=6
Linia1=// skok gdy (AK) < 0
Linia2=ROZKAZ SOM;
Linia3=czyt wys wei il;
Linia4=JEŻELI Z TO @ujemne GDY NIE @dodatnie;
Linia5=@ujemne wyad wea wel KONIEC;
Linia6=@dodatnie wyl wea;
[soz]
Linie=6
Linia1=// skok gdy (AK) = 0
Linia2=ROZKAZ SOZ;
Linia3=czyt wys wei il;
Linia4=JEŻELI zak TO @zero GDY NIE @niezero;
Linia5=@zero wyad wea wel KONIEC;
Linia6=@niezero wyl wea;