[Opcje]
Poczenie=1
Inkrementacja=0
Logiczne=0
Arytmetyczne=0
Stos=1
RejestrX=0
RejestrY=0
Przerwania=0
Wejcie=0
Znaczniki=0
Adres=6
Kod=4
[Rozkazy]
Liczba=12
Nazwa1=stp
Nazwa2=add
Nazwa3=sub
Nazwa4=load
Nazwa5=stor
Nazwa6=jmp
Nazwa7=blz
Nazwa8=bez
Nazwa9=psh
Nazwa10=ret
Nazwa11=pop
Nazwa12=jtp
[stp]
Linie=5
Linia1=// zakoczenie programu
Linia2=INSTRUCTION STP;
Linia3=Arguments 0;
Linia4=rd od iins icit;
Linia5=stop;
[add]
Linie=5
Linia1=// (Ak)+((Ad))->Ak
Linia2=INSTRUCTION ADD;
Linia3=rd od iins icit;
Linia4=oa ia;
Linia5=rd od ialu add iacc oit ia;
[sub]
Linie=5
Linia1=// (Ak)-((Ad))->Ak
Linia2=INSTRUCTION SUB;
Linia3=rd od iins icit;
Linia4=oa ia;
Linia5=rd od ialu sub iacc oit ia;
[load]
Linie=5
Linia1=// ((Ad))->Ak
Linia2=INSTRUCTION LOAD;
Linia3=rd od iins icit;
Linia4=oa ia;
Linia5=rd od ialu wracc iacc oit ia;
[stor]
Linie=5
Linia1=// (Ak)->(Ad)
Linia2=INSTRUCTION STOR;
Linia3=rd od iins icit;
Linia4=oa ia oacc id;
Linia5=wr oit ia;
[jmp]
Linie=5
Linia1=// skok bezwarunkowy
Linia2=INSTRUCTION JMP;
Linia3=Arguments 1;
Linia4=rd od iins icit;
Linia5=oa ia iit;
[blz]
Linie=6
Linia1=// skok gdy (AK) < 0
Linia2=INSTRUCTION BLZ;
Linia3=rd od iins icit;
Linia4=IF Z THEN @ujemne IF ELSE @dodatnie;
Linia5=@ujemne oa ia iit END;
Linia6=@dodatnie oit ia;
[bez]
Linie=6
Linia1=// skok gdy (AK) = 0
Linia2=INSTRUCTION BEZ;
Linia3=rd od iins icit;
Linia4=IF zak THEN @zero IF ELSE @niezero;
Linia5=@zero oa ia iit END;
Linia6=@niezero oit ia;
[psh]
Linie=6
Linia1=instruction psh;
Linia2=arguments 0;
Linia3=rd od iins icit;
Linia4=dcsp;
Linia5=osp ia oacc id;
Linia6=wr oit ia;
[ret]
Linie=5
Linia1=instruction ret;
Linia2=arguments 0;
Linia3=rd od iins icit;
Linia4=osp ia icsp;
Linia5=rd od stor ia iit;
[pop]
Linie=5
Linia1=instruction pop;
Linia2=arguments 0;
Linia3=rd od iins icit;
Linia4=osp ia icsp;
Linia5=rd od ialu wracc iacc oit ia;
[jtp]
Linie=6
Linia1=instruction jtp;
Linia2=arguments 1;
Linia3=rd od iins icit;
Linia4=dcsp;
Linia5=osp ia oitd id;
Linia6=wr oa iit ia;
